build/outputs/apk/manifest-merger-debug-report.txt
-- Merging decision tree log ---
manifest
ADDED from AndroidManifest.xml:2:1
	package
		ADDED from AndroidManifest.xml:3:5
	android:versionName
		ADDED from AndroidManifest.xml:5:5
	android:versionCode
		ADDED from AndroidManifest.xml:4:5
		INJECTED from AndroidManifest.xml:0:0
		INJECTED from AndroidManifest.xml:0:0
	xmlns:android
		ADDED from AndroidManifest.xml:2:11
uses-sdk
ADDED from AndroidManifest.xml:7:5
MERGED from wla-master:Aviary-Android-SDK-master-2:unspecified:10:5
MERGED from com.google.android.gms:play-services:6.5.87:18:5
MERGED from com.android.support:support-v4:21.0.0:15:5
	android:targetSdkVersion
		ADDED from AndroidManifest.xml:9:9
	android:minSdkVersion
		ADDED from AndroidManifest.xml:8:9
uses-permission#android.permission.GET_ACCOUNTS
ADDED from AndroidManifest.xml:11:6
	android:name
		ADDED from AndroidManifest.xml:11:23
uses-permission#android.permission.INTERNET
ADDED from AndroidManifest.xml:12:5
	android:name
		ADDED from AndroidManifest.xml:12:22
uses-permission#android.permission.READ_PHONE_STATE
ADDED from AndroidManifest.xml:13:5
	android:name
		ADDED from AndroidManifest.xml:13:22
uses-permission#android.permission.RECEIVE_BOOT_COMPLETED
ADDED from AndroidManifest.xml:14:5
	android:name
		ADDED from AndroidManifest.xml:14:22
uses-permission#android.permission.WAKE_LOCK
ADDED from AndroidManifest.xml:15:5
	android:name
		ADDED from AndroidManifest.xml:15:22
uses-permission#com.google.android.c2dm.permission.RECEIVE
ADDED from AndroidManifest.xml:16:5
	android:name
		ADDED from AndroidManifest.xml:16:22
uses-permission#android.permission.ACCESS_COARSE_LOCATION
ADDED from AndroidManifest.xml:17:5
	android:name
		ADDED from AndroidManifest.xml:17:22
uses-permission#android.permission.ACCESS_FINE_LOCATION
ADDED from AndroidManifest.xml:18:5
	android:name
		ADDED from AndroidManifest.xml:18:22
uses-permission#android.permission.ACCESS_NETWORK_STATE
ADDED from AndroidManifest.xml:19:5
	android:name
		ADDED from AndroidManifest.xml:19:22
uses-permission#android.permission.WRITE_EXTERNAL_STORAGE
ADDED from AndroidManifest.xml:20:5
	android:name
		ADDED from AndroidManifest.xml:20:22
uses-permission#android.permission.VIBRATE
ADDED from AndroidManifest.xml:21:5
	android:name
		ADDED from AndroidManifest.xml:21:22
uses-permission#com.google.android.providers.gsf.permission.READ_GSERVICES
ADDED from AndroidManifest.xml:22:5
	android:name
		ADDED from AndroidManifest.xml:22:22
permission#com.findatrainerapp.welike.permission.C2D_MESSAGE
ADDED from AndroidManifest.xml:24:5
	android:protectionLevel
		ADDED from AndroidManifest.xml:26:9
	android:name
		ADDED from AndroidManifest.xml:25:9
uses-permission#com.findatrainerapp.welike.permission.C2D_MESSAGE
ADDED from AndroidManifest.xml:27:5
	android:name
		ADDED from AndroidManifest.xml:27:22
application
ADDED from AndroidManifest.xml:29:5
MERGED from wla-master:Aviary-Android-SDK-master-2:unspecified:23:5
MERGED from com.google.android.gms:play-services:6.5.87:20:5
MERGED from com.android.support:support-v4:21.0.0:16:5
	android:label
		ADDED from AndroidManifest.xml:32:9
	android:allowBackup
		ADDED from AndroidManifest.xml:30:9
	android:icon
		ADDED from AndroidManifest.xml:31:9
	android:theme
		ADDED from AndroidManifest.xml:33:9
meta-data#com.google.android.gms.version
ADDED from AndroidManifest.xml:34:9
MERGED from com.google.android.gms:play-services:6.5.87:21:9
	android:value
		ADDED from AndroidManifest.xml:36:13
	android:name
		ADDED from AndroidManifest.xml:35:13
meta-data#com.google.android.maps.v2.API_KEY
ADDED from AndroidManifest.xml:37:9
	android:value
		ADDED from AndroidManifest.xml:39:13
	android:name
		ADDED from AndroidManifest.xml:38:13
meta-data#com.aviary.android.feather.v1.API_KEY
ADDED from AndroidManifest.xml:40:9
	android:value
		ADDED from AndroidManifest.xml:42:13
	android:name
		ADDED from AndroidManifest.xml:41:13
activity#com.aviary.android.feather.FeatherActivity
ADDED from AndroidManifest.xml:45:9
	android:process
		ADDED from AndroidManifest.xml:50:13
	android:screenOrientation
		ADDED from AndroidManifest.xml:51:13
	android:hardwareAccelerated
		ADDED from AndroidManifest.xml:48:13
	android:configChanges
		ADDED from AndroidManifest.xml:47:13
	android:largeHeap
		ADDED from AndroidManifest.xml:49:13
	android:theme
		ADDED from AndroidManifest.xml:52:13
	android:name
		ADDED from AndroidManifest.xml:46:13
activity#com.aviary.android.feather.AlertActivity
ADDED from AndroidManifest.xml:55:9
	android:screenOrientation
		ADDED from AndroidManifest.xml:59:13
	android:launchMode
		ADDED from AndroidManifest.xml:57:13
	android:noHistory
		ADDED from AndroidManifest.xml:58:13
	android:theme
		ADDED from AndroidManifest.xml:60:13
	android:name
		ADDED from AndroidManifest.xml:56:13
intent-filter#android.intent.category.DEFAULT+aviary.intent.action.ALERT
ADDED from AndroidManifest.xml:61:13
action#aviary.intent.action.ALERT
ADDED from AndroidManifest.xml:62:17
	android:name
		ADDED from AndroidManifest.xml:62:25
category#android.intent.category.DEFAULT
ADDED from AndroidManifest.xml:64:17
	android:name
		ADDED from AndroidManifest.xml:64:27
service#com.aviary.android.feather.cds.AviaryCdsService
ADDED from AndroidManifest.xml:69:9
	android:process
		ADDED from AndroidManifest.xml:72:13
	android:exported
		ADDED from AndroidManifest.xml:71:13
	android:name
		ADDED from AndroidManifest.xml:70:13
intent-filter#aviary.intent.action.CDS_DOWNLOAD_START+aviary.intent.action.CDS_RESTORE_USER_ITEMS
ADDED from AndroidManifest.xml:73:13
action#aviary.intent.action.CDS_DOWNLOAD_START
ADDED from AndroidManifest.xml:74:17
	android:name
		ADDED from AndroidManifest.xml:74:25
action#aviary.intent.action.CDS_RESTORE_USER_ITEMS
ADDED from AndroidManifest.xml:75:17
	android:name
		ADDED from AndroidManifest.xml:75:25
provider#com.aviary.android.feather.cds.AviaryCdsProvider
ADDED from AndroidManifest.xml:84:9
	android:authorities
		ADDED from AndroidManifest.xml:86:13
	android:process
		ADDED from AndroidManifest.xml:88:13
	android:syncable
		ADDED from AndroidManifest.xml:89:13
	android:exported
		ADDED from AndroidManifest.xml:87:13
	android:name
		ADDED from AndroidManifest.xml:85:13
receiver#com.aviary.android.feather.cds.AviaryCdsReceiver
ADDED from AndroidManifest.xml:92:9
	android:process
		ADDED from AndroidManifest.xml:94:13
	android:name
		ADDED from AndroidManifest.xml:93:13
intent-filter#android.intent.action.DOWNLOAD_COMPLETE
ADDED from AndroidManifest.xml:95:13
action#android.intent.action.DOWNLOAD_COMPLETE
ADDED from AndroidManifest.xml:96:17
	android:name
		ADDED from AndroidManifest.xml:96:25
activity#com.planet1107.welike.activities.MainActivity
ADDED from AndroidManifest.xml:100:9
	android:screenOrientation
		ADDED from AndroidManifest.xml:103:13
	android:label
		ADDED from AndroidManifest.xml:102:13
	android:name
		ADDED from AndroidManifest.xml:101:13
activity#com.planet1107.welike.activities.NewPostActivity
ADDED from AndroidManifest.xml:105:9
	android:screenOrientation
		ADDED from AndroidManifest.xml:108:13
	android:label
		ADDED from AndroidManifest.xml:107:13
	android:name
		ADDED from AndroidManifest.xml:106:13
activity#com.planet1107.welike.activities.LoginActivity
ADDED from AndroidManifest.xml:110:9
	android:screenOrientation
		ADDED from AndroidManifest.xml:113:13
	android:label
		ADDED from AndroidManifest.xml:112:13
	android:windowSoftInputMode
		ADDED from AndroidManifest.xml:114:13
	android:name
		ADDED from AndroidManifest.xml:111:13
activity#com.planet1107.welike.activities.RegisterActivity
ADDED from AndroidManifest.xml:116:9
	android:screenOrientation
		ADDED from AndroidManifest.xml:119:13
	android:label
		ADDED from AndroidManifest.xml:118:13
	android:windowSoftInputMode
		ADDED from AndroidManifest.xml:120:13
	android:name
		ADDED from AndroidManifest.xml:117:13
activity#com.planet1107.welike.activities.WelcomeActivity
ADDED from AndroidManifest.xml:122:9
	android:screenOrientation
		ADDED from AndroidManifest.xml:125:13
	android:label
		ADDED from AndroidManifest.xml:124:14
	android:name
		ADDED from AndroidManifest.xml:123:13
intent-filter#android.intent.action.MAIN+android.intent.category.LAUNCHER
ADDED from AndroidManifest.xml:126:13
action#android.intent.action.MAIN
ADDED from AndroidManifest.xml:127:17
	android:name
		ADDED from AndroidManifest.xml:127:25
category#android.intent.category.LAUNCHER
ADDED from AndroidManifest.xml:129:17
	android:name
		ADDED from AndroidManifest.xml:129:27
activity#com.planet1107.welike.activities.LikesActivity
ADDED from AndroidManifest.xml:132:9
	android:screenOrientation
		ADDED from AndroidManifest.xml:135:13
	android:label
		ADDED from AndroidManifest.xml:134:13
	android:name
		ADDED from AndroidManifest.xml:133:13
activity#com.planet1107.welike.activities.CommentsActivity
ADDED from AndroidManifest.xml:137:9
	android:screenOrientation
		ADDED from AndroidManifest.xml:140:13
	android:label
		ADDED from AndroidManifest.xml:139:13
	android:name
		ADDED from AndroidManifest.xml:138:13
activity#com.planet1107.welike.activities.SearchActivity
ADDED from AndroidManifest.xml:142:9
	android:screenOrientation
		ADDED from AndroidManifest.xml:145:13
	android:label
		ADDED from AndroidManifest.xml:144:13
	android:name
		ADDED from AndroidManifest.xml:143:13
activity#com.planet1107.welike.activities.FollowersActivity
ADDED from AndroidManifest.xml:147:9
	android:screenOrientation
		ADDED from AndroidManifest.xml:150:13
	android:label
		ADDED from AndroidManifest.xml:149:13
	android:name
		ADDED from AndroidManifest.xml:148:13
activity#com.planet1107.welike.activities.FollowingActivity
ADDED from AndroidManifest.xml:152:9
	android:screenOrientation
		ADDED from AndroidManifest.xml:155:13
	android:label
		ADDED from AndroidManifest.xml:154:13
	android:name
		ADDED from AndroidManifest.xml:153:13
activity#com.planet1107.welike.activities.EditProfileActivity
ADDED from AndroidManifest.xml:157:9
	android:screenOrientation
		ADDED from AndroidManifest.xml:160:13
	android:label
		ADDED from AndroidManifest.xml:159:13
	android:name
		ADDED from AndroidManifest.xml:158:13
activity#com.planet1107.welike.activities.ProfileActivity
ADDED from AndroidManifest.xml:162:9
	android:screenOrientation
		ADDED from AndroidManifest.xml:165:13
	android:label
		ADDED from AndroidManifest.xml:164:13
	android:name
		ADDED from AndroidManifest.xml:163:13
activity#com.planet1107.welike.activities.PostDetailActivity
ADDED from AndroidManifest.xml:167:9
	android:screenOrientation
		ADDED from AndroidManifest.xml:170:13
	android:label
		ADDED from AndroidManifest.xml:169:13
	android:name
		ADDED from AndroidManifest.xml:168:13
activity#com.planet1107.welike.activities.UploadVideoActivity
ADDED from AndroidManifest.xml:172:9
	android:label
		ADDED from AndroidManifest.xml:174:13
	android:name
		ADDED from AndroidManifest.xml:173:13
receiver#com.layer.sdk.services.LayerReceiver
ADDED from AndroidManifest.xml:178:9
	android:name
		ADDED from AndroidManifest.xml:178:19
intent-filter#android.intent.action.ANY_DATA_STATE+android.intent.action.BOOT_COMPLETED+android.net.conn.CONNECTIVITY_CHANGE
ADDED from AndroidManifest.xml:179:13
action#android.net.conn.CONNECTIVITY_CHANGE
ADDED from AndroidManifest.xml:180:17
	android:name
		ADDED from AndroidManifest.xml:180:25
action#android.intent.action.ANY_DATA_STATE
ADDED from AndroidManifest.xml:181:17
	android:name
		ADDED from AndroidManifest.xml:181:25
action#android.intent.action.BOOT_COMPLETED
ADDED from AndroidManifest.xml:182:17
	android:name
		ADDED from AndroidManifest.xml:182:25
receiver#com.layer.sdk.services.GcmBroadcastReceiver
ADDED from AndroidManifest.xml:185:9
	android:permission
		ADDED from AndroidManifest.xml:187:13
	android:name
		ADDED from AndroidManifest.xml:186:13
intent-filter#com.google.android.c2dm.intent.RECEIVE+com.myapp.newstandalone
ADDED from AndroidManifest.xml:188:13
action#com.google.android.c2dm.intent.RECEIVE
ADDED from AndroidManifest.xml:189:17
	android:name
		ADDED from AndroidManifest.xml:189:25
category#com.myapp.newstandalone
ADDED from AndroidManifest.xml:190:17
	android:name
		ADDED from AndroidManifest.xml:190:27
service#com.layer.sdk.services.GcmIntentService
ADDED from AndroidManifest.xml:193:9
	android:name
		ADDED from AndroidManifest.xml:193:18
receiver#com.findatrainerapp.welike.LayerPushReceiver
ADDED from AndroidManifest.xml:196:9
	android:name
		ADDED from AndroidManifest.xml:196:19
intent-filter#com.layer.sdk.PUSH+com.myapp.newstandalone
ADDED from AndroidManifest.xml:197:13
action#com.layer.sdk.PUSH
ADDED from AndroidManifest.xml:198:17
	android:name
		ADDED from AndroidManifest.xml:198:25